<?xml version="1.0" encoding="UTF-8"?>
<!-- Generated by org.testng.reporters.JUnitReportReporter -->
<testsuite hostname="HP" failures="0" tests="2" name="NeostoxTestClasses.ValidateNeostoxUsername" time="132.661" errors="0" timestamp="2023-01-17T21:31:13 IST" skipped="0">
  <testcase classname="NeostoxTestClasses.ValidateNeostoxUsername" name="validateUserName" time="40.721"/>
  <system-out>
    <![CDATA[getting actual user name
 actual user name is-->Hi sangram pawar
reading data from excel row is 
data isHi sangram pawar
reading data from excel row is 
data is1234
taking screenshot
screenshot taken and saved atC:\Users\hp\Desktop\crdriver\screenshots\12344I.png
TC validateUserNamepassed]]>
  </system-out>
  <testcase classname="NeostoxTestClasses.ValidateNeostoxUsername" name="validateAccountBalence" time="91.940"/>
  <system-out>
    <![CDATA[getting account balence
account balence isRs.5,00,000.00
reading data from excel row is 
data is5647
taking screenshot
screenshot taken and saved atC:\Users\hp\Desktop\crdriver\screenshots\5647cN.png
TC validateAccountBalencepassed]]>
  </system-out>
</testsuite> <!-- NeostoxTestClasses.ValidateNeostoxUsername -->
