<?xml version="1.0" encoding="UTF-8"?>
<!-- Generated by org.testng.reporters.JUnitReportReporter -->
<testsuite hostname="HP" failures="0" tests="2" name="NeostoxTestClasses.ValidateNeostoxUsername" time="71.312" errors="0" timestamp="2023-02-13T13:40:11 IST" skipped="0">
  <testcase classname="NeostoxTestClasses.ValidateNeostoxUsername" name="validateUserName" time="46.128"/>
  <system-out>
    <![CDATA[getting actual user name
 actual user name is-->Hi sangram pawar
reading data from excel row is 
data isHi sangram pawar
reading data from excel row is 
data is1234
taking screenshot
screenshot taken and saved atC:\Users\hp\Desktop\crdriver\screenshots\1234XY.png
TC validateUserNamepassed]]>
  </system-out>
  <testcase classname="NeostoxTestClasses.ValidateNeostoxUsername" name="validateAccountBalence" time="25.184"/>
  <system-out>
    <![CDATA[getting account balence
account balence isRs.5,00,000.00
reading data from excel row is 
data is5647
taking screenshot
screenshot taken and saved atC:\Users\hp\Desktop\crdriver\screenshots\5647E3.png
TC validateAccountBalencepassed]]>
  </system-out>
</testsuite> <!-- NeostoxTestClasses.ValidateNeostoxUsername -->
